This is pdfTeX, Version 3.1415926-2.5-1.40.14 (TeX Live 2013/Debian) (format=pdflatex 2015.6.14)  16 JUN 2015 20:42
entering extended mode
 restricted \write18 enabled.
 %&-line parsing enabled.
**labelmaker.tex
(./labelmaker.tex
LaTeX2e <2011/06/27>
Babel <3.9h> and hyphenation patterns for 2 languages loaded.
(/usr/share/texlive/texmf-dist/tex/latex/base/article.cls
Document Class: article 2007/10/19 v1.4h Standard LaTeX document class
(/usr/share/texlive/texmf-dist/tex/latex/base/size10.clo
File: size10.clo 2007/10/19 v1.4h Standard LaTeX file (size option)
)
\c@part=\count79
\c@section=\count80
\c@subsection=\count81
\c@subsubsection=\count82
\c@paragraph=\count83
\c@subparagraph=\count84
\c@figure=\count85
\c@table=\count86
\abovecaptionskip=\skip41
\belowcaptionskip=\skip42
\bibindent=\dimen102
)
(/usr/share/texlive/texmf-dist/tex/latex/ticket/ticket.sty
Package: ticket 2010/11/30 v0.4b

Package: `ticket' v0.4b <2010/11/30> (Thomas Emmel)
(/usr/share/texlive/texmf-dist/tex/latex/base/ifthen.sty
Package: ifthen 2001/05/26 v1.1c Standard LaTeX ifthen package (DPC)
)
(/usr/share/texlive/texmf-dist/tex/latex/tools/calc.sty
Package: calc 2007/08/22 v4.3 Infix arithmetic (KKT,FJ)
\calc@Acount=\count87
\calc@Bcount=\count88
\calc@Adimen=\dimen103
\calc@Bdimen=\dimen104
\calc@Askip=\skip43
\calc@Bskip=\skip44
LaTeX Info: Redefining \setlength on input line 76.
LaTeX Info: Redefining \addtolength on input line 77.
\calc@Ccount=\count89
\calc@Cskip=\skip45
)
\c@ticket@x=\count90
\c@ticket@y=\count91
\c@ticket@num@X=\count92
\c@ticket@num@Y=\count93
\ticketWidth=\dimen105
\ticketHeight=\dimen106
\ticket@dis@X=\dimen107
\ticket@dis@Y=\dimen108

load herma_4500.tdf
(./herma_4500.tdf)
\ticket@shift@x=\dimen109
\ticket@shift@y=\dimen110
\back@shift=\dimen111
) (./labelmaker.aux)
\openout1 = `labelmaker.aux'.

LaTeX Font Info:    Checking defaults for OML/cmm/m/it on input line 17.
LaTeX Font Info:    ... okay on input line 17.
LaTeX Font Info:    Checking defaults for T1/cmr/m/n on input line 17.
LaTeX Font Info:    ... okay on input line 17.
LaTeX Font Info:    Checking defaults for OT1/cmr/m/n on input line 17.
LaTeX Font Info:    ... okay on input line 17.
LaTeX Font Info:    Checking defaults for OMS/cmsy/m/n on input line 17.
LaTeX Font Info:    ... okay on input line 17.
LaTeX Font Info:    Checking defaults for OMX/cmex/m/n on input line 17.
LaTeX Font Info:    ... okay on input line 17.
LaTeX Font Info:    Checking defaults for U/cmr/m/n on input line 17.
LaTeX Font Info:    ... okay on input line 17.
 (./contacts.tex
Overfull \hbox (27.72913pt too wide) in paragraph at lines 1--24
[] 
 []


Overfull \hbox (27.72913pt too wide) in paragraph at lines 1--24
[] 
 []


Overfull \hbox (27.72913pt too wide) in paragraph at lines 1--24
[] 
 []


Overfull \hbox (27.72913pt too wide) in paragraph at lines 1--24
[] 
 []


Overfull \hbox (27.72913pt too wide) in paragraph at lines 1--24
[] 
 []


Overfull \hbox (27.72913pt too wide) in paragraph at lines 1--24
[] 
 []


Overfull \hbox (27.72913pt too wide) in paragraph at lines 1--24
[] 
 []


Overfull \hbox (27.72913pt too wide) in paragraph at lines 1--24
[] 
 []

[1

{/var/lib/texmf/fonts/map/pdftex/updmap/pdftex.map}])
Underfull \hbox (badness 10000) in paragraph at lines 25--19

 []

[2] (./labelmaker.aux) ) 
Here is how much of TeX's memory you used:
 415 strings out of 495028
 4998 string characters out of 6181497
 60654 words of memory out of 5000000
 3690 multiletter control sequences out of 15000+600000
 4255 words of font info for 16 fonts, out of 8000000 for 9000
 14 hyphenation exceptions out of 8191
 25i,7n,31p,158b,136s stack positions out of 5000i,500n,10000p,200000b,80000s
</usr/share/texlive/texmf-dist/fonts/type1/public/amsfo
nts/cm/cmbx12.pfb></usr/share/texlive/texmf-dist/fonts/type1/public/amsfonts/cm
/cmr5.pfb></usr/share/texlive/texmf-dist/fonts/type1/public/amsfonts/cm/cmr7.pf
b>
Output written on labelmaker.pdf (2 pages, 35663 bytes).
PDF statistics:
 23 PDF objects out of 1000 (max. 8388607)
 15 compressed objects within 1 object stream
 0 named destinations out of 1000 (max. 500000)
 1 words of extra memory for PDF output out of 10000 (max. 10000000)

